\o Program:		@(#)$CDS: libManager version 6.1.8 - CAT37 09/14/2021 20:38 (sjfhw830) $
\o Sub version:		sub-version  s215 
\o Arguments:		-unmapped -mpssession virtuoso4689 -mpshost E-10CKI2TL0029.it.manchester.ac.uk 
\o Working Directory:	E-10CKI2TL0029.it.manchester.ac.uk:/home/f93937xl/Cadence/COMP22111
\o 64-bit offsets
\o Qt version: 		5.9.1
\o changeWorkingDir("/home/f93937xl/Cadence/COMP22111") unnecessary.
\o ddSetForcedLib("") unnecessary.
\o Log file is "/home/f93937xl/Cadence/COMP22111/libManager.log".
\o Opening libManager window.
\a nrSetWindowVisibility(cdsLibManager "show")
\o MPS service: map window
\o Library Manager customization server connected.
\a nrSetCurrentWindow(cdsLibManager)
\a nrResizeWindow(cdsLibManager list(72 27 602 491))
\a cdsLibManager->libListBox->value = "Stump"
\a cdsLibManager->libLineEdit->value = "Stump"
\a lmgrLogShowPopup("mainListPopup0" 20 24 2 "Stump")
\a cdsLibManager->cellListBox->value = "Stump"
\a cdsLibManager->cellLineEdit->value = "Stump"
\a cdsLibManager->viewListBox->value = "functional"
\a cdsLibManager->viewLineEdit->value = "functional"
\o MPS request: edit design
\a nrListItemAction(cdsLibManager->gdmXTView 0 0)
\a cdsLibManager->libListBox->value = nil
\a cdsLibManager->libLineEdit->value = ""
\a cdsLibManager->cellListBox->value = nil
\a cdsLibManager->viewLineEdit->value = ""
\a cdsLibManager->viewListBox->value = nil
\a cdsLibManager->cellLineEdit->value = ""
\a cdsLibManager->libListBox->value = "Stump"
\a cdsLibManager->libLineEdit->value = "Stump"
\a cdsLibManager->cellListBox->value = "Stump"
\a cdsLibManager->cellLineEdit->value = "Stump"
\a cdsLibManager->viewListBox->value = "functional"
\a cdsLibManager->viewLineEdit->value = "functional"
\a cdsLibManager->viewLineEdit->value = ""
\a cdsLibManager->viewListBox->value = nil
\a cdsLibManager->viewListBox->value = "functional"
\a cdsLibManager->viewLineEdit->value = "functional"
\a nrSetCurrentWindow(cdsLibManager)
\a cdsLibManager->cellListBox->value = "Stump_ALU"
\a cdsLibManager->cellLineEdit->value = "Stump_ALU"
\a cdsLibManager->viewLineEdit->value = ""
\a cdsLibManager->viewListBox->value = nil
\a cdsLibManager->viewListBox->value = "functional"
\a cdsLibManager->viewLineEdit->value = "functional"
\a cdsLibManager->viewListBox->value = nil
\a cdsLibManager->viewLineEdit->value = ""
\a cdsLibManager->viewListBox->value = "functional"
\a cdsLibManager->viewLineEdit->value = "functional"
\o MPS request: edit design
\a nrListItemAction(cdsLibManager->gdmXTView 0 0)
\a nrSetCurrentWindow(cdsLibManager)
\a nrSetCurrentWindow(cdsLibManager)
\a cdsLibManager->cellListBox->value = "Stump_datapath"
\a cdsLibManager->cellLineEdit->value = "Stump_datapath"
\a cdsLibManager->viewLineEdit->value = ""
\a cdsLibManager->viewListBox->value = nil
\a cdsLibManager->viewListBox->value = "functional"
\a cdsLibManager->viewLineEdit->value = "functional"
\a cdsLibManager->viewLineEdit->value = ""
\a cdsLibManager->viewListBox->value = nil
\o MPS request: edit design
\a nrListItemAction(cdsLibManager->cellListBox 7 0)
\a cdsLibManager->libListBox->value = nil
\a cdsLibManager->libLineEdit->value = ""
\a cdsLibManager->cellLineEdit->value = ""
\a cdsLibManager->cellListBox->value = nil
\a cdsLibManager->libListBox->value = "Stump"
\a cdsLibManager->libLineEdit->value = "Stump"
\a cdsLibManager->cellListBox->value = "Stump_datapath"
\a cdsLibManager->cellLineEdit->value = "Stump_datapath"
\a cdsLibManager->viewListBox->value = "functional"
\a cdsLibManager->viewLineEdit->value = "functional"
\a cdsLibManager->viewLineEdit->value = ""
\a cdsLibManager->viewListBox->value = nil
\a cdsLibManager->viewListBox->value = "functional"
\a cdsLibManager->viewLineEdit->value = "functional"
\a cdsLibManager->viewListBox->value = nil
\a cdsLibManager->viewLineEdit->value = ""
\a cdsLibManager->viewListBox->value = "functional"
\a cdsLibManager->viewLineEdit->value = "functional"
\o MPS request: edit design
\a nrListItemAction(cdsLibManager->gdmXTView 0 0)
\a nrSetCurrentWindow(cdsLibManager)
\a nrSetCurrentWindow(cdsLibManager)
\a cdsLibManager->viewListBox->value = nil
\a cdsLibManager->viewLineEdit->value = ""
\a cdsLibManager->viewListBox->value = "functional"
\a cdsLibManager->viewLineEdit->value = "functional"
\o MPS request: edit design
\a nrListItemAction(cdsLibManager->gdmXTView 0 0)
\a nrSetCurrentWindow(cdsLibManager)
\a nrSetCurrentWindow(cdsLibManager)
\a cdsLibManager->cellListBox->value = "Stump_control"
\a cdsLibManager->cellLineEdit->value = "Stump_control"
\a cdsLibManager->viewLineEdit->value = ""
\a cdsLibManager->viewListBox->value = nil
\a cdsLibManager->viewListBox->value = "functional"
\a cdsLibManager->viewLineEdit->value = "functional"
\a cdsLibManager->viewListBox->value = nil
\a cdsLibManager->viewLineEdit->value = ""
\a cdsLibManager->viewListBox->value = "functional"
\a cdsLibManager->viewLineEdit->value = "functional"
\o MPS request: edit design
\a nrListItemAction(cdsLibManager->gdmXTView 0 0)
\a nrSetCurrentWindow(cdsLibManager)
\a nrSetWindowVisibility(cdsLibManager "hide")
\a _lmgrCloseIconify("cdsLibManager" 1)
\o MPS service: shutdown
\o libManager is exiting.
\a exit(0)
